<?xml version="1.0" encoding="UTF-8"?>
<coverage generated="1578426407069" clover="3.2.0">
  <project timestamp="1578426407069" name="All files">
    <metrics statements="23" coveredstatements="19" conditionals="0" coveredconditionals="0" methods="3" coveredmethods="1" elements="26" coveredelements="20" complexity="0" loc="23" ncloc="23" packages="1" files="2" classes="2"/>
    <file name="tasks.js" path="/home/paulameleroramirez/Desktop/JS-todoApp/JS-todoApp/models/tasks.js">
      <metrics statements="9" coveredstatements="7" conditionals="0" coveredconditionals="0" methods="1" coveredmethods="0"/>
      <line num="1" count="1" type="stmt"/>
      <line num="2" count="1" type="stmt"/>
      <line num="5" count="1" type="stmt"/>
      <line num="31" count="1" type="stmt"/>
      <line num="35" count="0" type="stmt"/>
      <line num="40" count="0" type="stmt"/>
      <line num="43" count="1" type="stmt"/>
      <line num="44" count="1" type="stmt"/>
      <line num="45" count="1" type="stmt"/>
    </file>
    <file name="users.js" path="/home/paulameleroramirez/Desktop/JS-todoApp/JS-todoApp/models/users.js">
      <metrics statements="14" coveredstatements="12" conditionals="0" coveredconditionals="0" methods="2" coveredmethods="1"/>
      <line num="1" count="1" type="stmt"/>
      <line num="2" count="1" type="stmt"/>
      <line num="3" count="1" type="stmt"/>
      <line num="4" count="1" type="stmt"/>
      <line num="5" count="1" type="stmt"/>
      <line num="7" count="1" type="stmt"/>
      <line num="26" count="1" type="stmt"/>
      <line num="27" count="1" type="stmt"/>
      <line num="29" count="1" type="stmt"/>
      <line num="33" count="0" type="stmt"/>
      <line num="39" count="0" type="stmt"/>
      <line num="41" count="1" type="stmt"/>
      <line num="42" count="1" type="stmt"/>
      <line num="43" count="1" type="stmt"/>
    </file>
  </project>
</coverage>
