{"/home/paulameleroramirez/Desktop/JS-todoApp/JS-todoApp/models/tasks.js": {"path":"/home/paulameleroramirez/Desktop/JS-todoApp/JS-todoApp/models/tasks.js","statementMap":{"0":{"start":{"line":1,"column":17},"end":{"line":1,"column":36}},"1":{"start":{"line":2,"column":12},"end":{"line":2,"column":26}},"2":{"start":{"line":5,"column":19},"end":{"line":28,"column":2}},"3":{"start":{"line":31,"column":13},"end":{"line":31,"column":47}},"4":{"start":{"line":35,"column":19},"end":{"line":38,"column":5}},"5":{"start":{"line":40,"column":4},"end":{"line":40,"column":38}},"6":{"start":{"line":43,"column":0},"end":{"line":43,"column":20}},"7":{"start":{"line":44,"column":0},"end":{"line":44,"column":36}},"8":{"start":{"line":45,"column":0},"end":{"line":45,"column":32}}},"fnMap":{"0":{"name":"validateTask","decl":{"start":{"line":34,"column":9},"end":{"line":34,"column":21}},"loc":{"start":{"line":34,"column":28},"end":{"line":41,"column":1}},"line":34}},"branchMap":{},"s":{"0":1,"1":1,"2":1,"3":1,"4":0,"5":0,"6":1,"7":1,"8":1},"f":{"0":0},"b":{},"_coverageSchema":"43e27e138ebf9cfc5966b082cf9a028302ed4184","hash":"c23f58bbd710870b5632cafd03de8c94bc381db5"}
,"/home/paulameleroramirez/Desktop/JS-todoApp/JS-todoApp/models/users.js": {"path":"/home/paulameleroramirez/Desktop/JS-todoApp/JS-todoApp/models/users.js","statementMap":{"0":{"start":{"line":1,"column":0},"end":{"line":1,"column":27}},"1":{"start":{"line":2,"column":17},"end":{"line":2,"column":36}},"2":{"start":{"line":3,"column":23},"end":{"line":3,"column":49}},"3":{"start":{"line":4,"column":12},"end":{"line":4,"column":26}},"4":{"start":{"line":5,"column":12},"end":{"line":5,"column":35}},"5":{"start":{"line":7,"column":19},"end":{"line":24,"column":2}},"6":{"start":{"line":26,"column":0},"end":{"line":28,"column":1}},"7":{"start":{"line":27,"column":4},"end":{"line":27,"column":97}},"8":{"start":{"line":29,"column":13},"end":{"line":29,"column":47}},"9":{"start":{"line":33,"column":19},"end":{"line":37,"column":5}},"10":{"start":{"line":39,"column":4},"end":{"line":39,"column":38}},"11":{"start":{"line":41,"column":0},"end":{"line":41,"column":20}},"12":{"start":{"line":42,"column":0},"end":{"line":42,"column":36}},"13":{"start":{"line":43,"column":0},"end":{"line":43,"column":32}}},"fnMap":{"0":{"name":"(anonymous_0)","decl":{"start":{"line":26,"column":39},"end":{"line":26,"column":40}},"loc":{"start":{"line":26,"column":50},"end":{"line":28,"column":1}},"line":26},"1":{"name":"validateUser","decl":{"start":{"line":32,"column":9},"end":{"line":32,"column":21}},"loc":{"start":{"line":32,"column":28},"end":{"line":40,"column":1}},"line":32}},"branchMap":{},"s":{"0":1,"1":1,"2":1,"3":1,"4":1,"5":1,"6":1,"7":1,"8":1,"9":0,"10":0,"11":1,"12":1,"13":1},"f":{"0":1,"1":0},"b":{},"_coverageSchema":"43e27e138ebf9cfc5966b082cf9a028302ed4184","hash":"11eebb04bcd12203bd4d8980652673b801196a64"}
}
