{"/home/paulameleroramirez/Desktop/js-todo-app/js-todoapp/server.js": {"path":"/home/paulameleroramirez/Desktop/js-todo-app/js-todoapp/server.js","statementMap":{"0":{"start":{"line":1,"column":16},"end":{"line":1,"column":34}},"1":{"start":{"line":2,"column":12},"end":{"line":2,"column":21}},"2":{"start":{"line":3,"column":13},"end":{"line":3,"column":28}},"3":{"start":{"line":4,"column":19},"end":{"line":4,"column":50}},"4":{"start":{"line":6,"column":0},"end":{"line":6,"column":33}},"5":{"start":{"line":7,"column":0},"end":{"line":7,"column":37}},"6":{"start":{"line":8,"column":0},"end":{"line":8,"column":31}},"7":{"start":{"line":9,"column":0},"end":{"line":9,"column":30}},"8":{"start":{"line":11,"column":0},"end":{"line":13,"column":3}},"9":{"start":{"line":12,"column":2},"end":{"line":12,"column":27}},"10":{"start":{"line":15,"column":0},"end":{"line":15,"column":21}}},"fnMap":{"0":{"name":"(anonymous_0)","decl":{"start":{"line":11,"column":13},"end":{"line":11,"column":14}},"loc":{"start":{"line":11,"column":27},"end":{"line":13,"column":1}},"line":11}},"branchMap":{},"s":{"0":2,"1":2,"2":2,"3":2,"4":2,"5":2,"6":2,"7":2,"8":2,"9":0,"10":2},"f":{"0":0},"b":{},"_coverageSchema":"43e27e138ebf9cfc5966b082cf9a028302ed4184","hash":"da7011ef6b0b20d11988e834bd606e0d469b6d1f"}
,"/home/paulameleroramirez/Desktop/js-todo-app/js-todoapp/middleware/admin.js": {"path":"/home/paulameleroramirez/Desktop/js-todo-app/js-todoapp/middleware/admin.js","statementMap":{"0":{"start":{"line":1,"column":0},"end":{"line":6,"column":2}},"1":{"start":{"line":3,"column":2},"end":{"line":4,"column":63}},"2":{"start":{"line":4,"column":4},"end":{"line":4,"column":63}},"3":{"start":{"line":5,"column":2},"end":{"line":5,"column":9}}},"fnMap":{"0":{"name":"(anonymous_0)","decl":{"start":{"line":1,"column":17},"end":{"line":1,"column":18}},"loc":{"start":{"line":1,"column":42},"end":{"line":6,"column":1}},"line":1}},"branchMap":{"0":{"loc":{"start":{"line":3,"column":2},"end":{"line":4,"column":63}},"type":"if","locations":[{"start":{"line":3,"column":2},"end":{"line":4,"column":63}},{"start":{"line":3,"column":2},"end":{"line":4,"column":63}}],"line":3}},"s":{"0":2,"1":0,"2":0,"3":0},"f":{"0":0},"b":{"0":[0,0]},"_coverageSchema":"43e27e138ebf9cfc5966b082cf9a028302ed4184","hash":"d55f5d1771628c8d5b3c3a04520fa1a294fa160d"}
,"/home/paulameleroramirez/Desktop/js-todo-app/js-todoapp/middleware/async.js": {"path":"/home/paulameleroramirez/Desktop/js-todo-app/js-todoapp/middleware/async.js","statementMap":{"0":{"start":{"line":3,"column":0},"end":{"line":12,"column":2}},"1":{"start":{"line":4,"column":2},"end":{"line":11,"column":4}},"2":{"start":{"line":5,"column":4},"end":{"line":10,"column":5}},"3":{"start":{"line":6,"column":6},"end":{"line":6,"column":46}},"4":{"start":{"line":7,"column":6},"end":{"line":7,"column":35}},"5":{"start":{"line":9,"column":6},"end":{"line":9,"column":15}}},"fnMap":{"0":{"name":"(anonymous_0)","decl":{"start":{"line":3,"column":17},"end":{"line":3,"column":18}},"loc":{"start":{"line":3,"column":40},"end":{"line":12,"column":1}},"line":3},"1":{"name":"(anonymous_1)","decl":{"start":{"line":4,"column":9},"end":{"line":4,"column":10}},"loc":{"start":{"line":4,"column":35},"end":{"line":11,"column":3}},"line":4}},"branchMap":{},"s":{"0":2,"1":20,"2":0,"3":0,"4":0,"5":0},"f":{"0":20,"1":0},"b":{},"_coverageSchema":"43e27e138ebf9cfc5966b082cf9a028302ed4184","hash":"4ee2c40a7fdaa44c3d97d8e7a4d62ed4aa8cc56b"}
,"/home/paulameleroramirez/Desktop/js-todo-app/js-todoapp/middleware/auth.js": {"path":"/home/paulameleroramirez/Desktop/js-todo-app/js-todoapp/middleware/auth.js","statementMap":{"0":{"start":{"line":1,"column":0},"end":{"line":1,"column":27}},"1":{"start":{"line":2,"column":12},"end":{"line":2,"column":35}},"2":{"start":{"line":4,"column":0},"end":{"line":19,"column":2}},"3":{"start":{"line":5,"column":16},"end":{"line":5,"column":42}},"4":{"start":{"line":6,"column":2},"end":{"line":6,"column":41}},"5":{"start":{"line":7,"column":2},"end":{"line":10,"column":62}},"6":{"start":{"line":8,"column":4},"end":{"line":10,"column":62}},"7":{"start":{"line":11,"column":2},"end":{"line":18,"column":3}},"8":{"start":{"line":13,"column":20},"end":{"line":13,"column":64}},"9":{"start":{"line":14,"column":4},"end":{"line":14,"column":23}},"10":{"start":{"line":15,"column":4},"end":{"line":15,"column":11}},"11":{"start":{"line":17,"column":4},"end":{"line":17,"column":56}}},"fnMap":{"0":{"name":"(anonymous_0)","decl":{"start":{"line":4,"column":17},"end":{"line":4,"column":18}},"loc":{"start":{"line":4,"column":42},"end":{"line":19,"column":1}},"line":4}},"branchMap":{"0":{"loc":{"start":{"line":7,"column":2},"end":{"line":10,"column":62}},"type":"if","locations":[{"start":{"line":7,"column":2},"end":{"line":10,"column":62}},{"start":{"line":7,"column":2},"end":{"line":10,"column":62}}],"line":7}},"s":{"0":2,"1":2,"2":2,"3":0,"4":0,"5":0,"6":0,"7":0,"8":0,"9":0,"10":0,"11":0},"f":{"0":0},"b":{"0":[0,0]},"_coverageSchema":"43e27e138ebf9cfc5966b082cf9a028302ed4184","hash":"103b7196ad769dd0e7a022568e4ed350856ff7be"}
,"/home/paulameleroramirez/Desktop/js-todo-app/js-todoapp/middleware/error.js": {"path":"/home/paulameleroramirez/Desktop/js-todo-app/js-todoapp/middleware/error.js","statementMap":{"0":{"start":{"line":1,"column":16},"end":{"line":1,"column":34}},"1":{"start":{"line":3,"column":0},"end":{"line":10,"column":2}},"2":{"start":{"line":4,"column":2},"end":{"line":4,"column":34}},"3":{"start":{"line":6,"column":2},"end":{"line":7,"column":53}},"4":{"start":{"line":7,"column":4},"end":{"line":7,"column":53}},"5":{"start":{"line":9,"column":2},"end":{"line":9,"column":36}}},"fnMap":{"0":{"name":"(anonymous_0)","decl":{"start":{"line":3,"column":17},"end":{"line":3,"column":18}},"loc":{"start":{"line":3,"column":47},"end":{"line":10,"column":1}},"line":3}},"branchMap":{"0":{"loc":{"start":{"line":6,"column":2},"end":{"line":7,"column":53}},"type":"if","locations":[{"start":{"line":6,"column":2},"end":{"line":7,"column":53}},{"start":{"line":6,"column":2},"end":{"line":7,"column":53}}],"line":6}},"s":{"0":2,"1":2,"2":0,"3":0,"4":0,"5":0},"f":{"0":0},"b":{"0":[0,0]},"_coverageSchema":"43e27e138ebf9cfc5966b082cf9a028302ed4184","hash":"bc8190da3fc90f3cf43ab0673e46de69abd077a6"}
,"/home/paulameleroramirez/Desktop/js-todo-app/js-todoapp/models/tasks.js": {"path":"/home/paulameleroramirez/Desktop/js-todo-app/js-todoapp/models/tasks.js","statementMap":{"0":{"start":{"line":1,"column":17},"end":{"line":1,"column":36}},"1":{"start":{"line":2,"column":12},"end":{"line":2,"column":26}},"2":{"start":{"line":5,"column":19},"end":{"line":28,"column":2}},"3":{"start":{"line":31,"column":13},"end":{"line":31,"column":47}},"4":{"start":{"line":35,"column":19},"end":{"line":38,"column":5}},"5":{"start":{"line":40,"column":4},"end":{"line":40,"column":38}},"6":{"start":{"line":43,"column":0},"end":{"line":43,"column":20}},"7":{"start":{"line":44,"column":0},"end":{"line":44,"column":36}},"8":{"start":{"line":45,"column":0},"end":{"line":45,"column":32}}},"fnMap":{"0":{"name":"validateTask","decl":{"start":{"line":34,"column":9},"end":{"line":34,"column":21}},"loc":{"start":{"line":34,"column":28},"end":{"line":41,"column":1}},"line":34}},"branchMap":{},"s":{"0":3,"1":3,"2":3,"3":3,"4":0,"5":0,"6":3,"7":3,"8":3},"f":{"0":0},"b":{},"_coverageSchema":"43e27e138ebf9cfc5966b082cf9a028302ed4184","hash":"d379f66f87e63cc076af6b3e68b4676209a18313"}
,"/home/paulameleroramirez/Desktop/js-todo-app/js-todoapp/models/users.js": {"path":"/home/paulameleroramirez/Desktop/js-todo-app/js-todoapp/models/users.js","statementMap":{"0":{"start":{"line":1,"column":0},"end":{"line":1,"column":27}},"1":{"start":{"line":2,"column":17},"end":{"line":2,"column":36}},"2":{"start":{"line":3,"column":23},"end":{"line":3,"column":49}},"3":{"start":{"line":4,"column":12},"end":{"line":4,"column":26}},"4":{"start":{"line":5,"column":12},"end":{"line":5,"column":35}},"5":{"start":{"line":7,"column":19},"end":{"line":23,"column":2}},"6":{"start":{"line":25,"column":0},"end":{"line":30,"column":2}},"7":{"start":{"line":26,"column":2},"end":{"line":29,"column":5}},"8":{"start":{"line":31,"column":13},"end":{"line":31,"column":47}},"9":{"start":{"line":35,"column":17},"end":{"line":45,"column":3}},"10":{"start":{"line":47,"column":2},"end":{"line":47,"column":36}},"11":{"start":{"line":49,"column":0},"end":{"line":49,"column":20}},"12":{"start":{"line":50,"column":0},"end":{"line":50,"column":36}},"13":{"start":{"line":51,"column":0},"end":{"line":51,"column":32}}},"fnMap":{"0":{"name":"(anonymous_0)","decl":{"start":{"line":25,"column":39},"end":{"line":25,"column":40}},"loc":{"start":{"line":25,"column":50},"end":{"line":30,"column":1}},"line":25},"1":{"name":"validateUser","decl":{"start":{"line":34,"column":9},"end":{"line":34,"column":21}},"loc":{"start":{"line":34,"column":28},"end":{"line":48,"column":1}},"line":34}},"branchMap":{},"s":{"0":3,"1":3,"2":3,"3":3,"4":3,"5":3,"6":3,"7":5,"8":3,"9":0,"10":0,"11":3,"12":3,"13":3},"f":{"0":5,"1":0},"b":{},"_coverageSchema":"43e27e138ebf9cfc5966b082cf9a028302ed4184","hash":"82fbafbb497a06c0abee261392dfd8ab3d44d09a"}
,"/home/paulameleroramirez/Desktop/js-todo-app/js-todoapp/routes/auth.js": {"path":"/home/paulameleroramirez/Desktop/js-todo-app/js-todoapp/routes/auth.js","statementMap":{"0":{"start":{"line":1,"column":0},"end":{"line":1,"column":27}},"1":{"start":{"line":2,"column":16},"end":{"line":2,"column":34}},"2":{"start":{"line":3,"column":15},"end":{"line":3,"column":34}},"3":{"start":{"line":4,"column":10},"end":{"line":4,"column":27}},"4":{"start":{"line":5,"column":12},"end":{"line":5,"column":26}},"5":{"start":{"line":6,"column":15},"end":{"line":6,"column":31}},"6":{"start":{"line":7,"column":17},"end":{"line":7,"column":43}},"7":{"start":{"line":10,"column":17},"end":{"line":19,"column":3}},"8":{"start":{"line":21,"column":2},"end":{"line":21,"column":35}},"9":{"start":{"line":25,"column":0},"end":{"line":52,"column":3}},"10":{"start":{"line":26,"column":20},"end":{"line":26,"column":38}},"11":{"start":{"line":28,"column":2},"end":{"line":28,"column":67}},"12":{"start":{"line":28,"column":13},"end":{"line":28,"column":67}},"13":{"start":{"line":30,"column":33},"end":{"line":30,"column":41}},"14":{"start":{"line":31,"column":2},"end":{"line":51,"column":3}},"15":{"start":{"line":32,"column":15},"end":{"line":32,"column":47}},"16":{"start":{"line":34,"column":4},"end":{"line":35,"column":79}},"17":{"start":{"line":35,"column":6},"end":{"line":35,"column":79}},"18":{"start":{"line":38,"column":21},"end":{"line":38,"column":66}},"19":{"start":{"line":40,"column":4},"end":{"line":41,"column":79}},"20":{"start":{"line":41,"column":6},"end":{"line":41,"column":79}},"21":{"start":{"line":44,"column":18},"end":{"line":44,"column":42}},"22":{"start":{"line":47,"column":4},"end":{"line":47,"column":38}},"23":{"start":{"line":48,"column":4},"end":{"line":48,"column":48}},"24":{"start":{"line":50,"column":4},"end":{"line":50,"column":38}},"25":{"start":{"line":54,"column":0},"end":{"line":54,"column":24}}},"fnMap":{"0":{"name":"validate","decl":{"start":{"line":9,"column":9},"end":{"line":9,"column":17}},"loc":{"start":{"line":9,"column":23},"end":{"line":22,"column":1}},"line":9},"1":{"name":"(anonymous_1)","decl":{"start":{"line":25,"column":17},"end":{"line":25,"column":18}},"loc":{"start":{"line":25,"column":37},"end":{"line":52,"column":1}},"line":25}},"branchMap":{"0":{"loc":{"start":{"line":28,"column":2},"end":{"line":28,"column":67}},"type":"if","locations":[{"start":{"line":28,"column":2},"end":{"line":28,"column":67}},{"start":{"line":28,"column":2},"end":{"line":28,"column":67}}],"line":28},"1":{"loc":{"start":{"line":34,"column":4},"end":{"line":35,"column":79}},"type":"if","locations":[{"start":{"line":34,"column":4},"end":{"line":35,"column":79}},{"start":{"line":34,"column":4},"end":{"line":35,"column":79}}],"line":34},"2":{"loc":{"start":{"line":40,"column":4},"end":{"line":41,"column":79}},"type":"if","locations":[{"start":{"line":40,"column":4},"end":{"line":41,"column":79}},{"start":{"line":40,"column":4},"end":{"line":41,"column":79}}],"line":40}},"s":{"0":2,"1":2,"2":2,"3":2,"4":2,"5":2,"6":2,"7":0,"8":0,"9":2,"10":0,"11":0,"12":0,"13":0,"14":0,"15":0,"16":0,"17":0,"18":0,"19":0,"20":0,"21":0,"22":0,"23":0,"24":0,"25":2},"f":{"0":0,"1":0},"b":{"0":[0,0],"1":[0,0],"2":[0,0]},"_coverageSchema":"43e27e138ebf9cfc5966b082cf9a028302ed4184","hash":"26f160b20518643f87a84784d431bb0d9da77301"}
,"/home/paulameleroramirez/Desktop/js-todo-app/js-todoapp/routes/tasks.js": {"path":"/home/paulameleroramirez/Desktop/js-todo-app/js-todoapp/routes/tasks.js","statementMap":{"0":{"start":{"line":1,"column":16},"end":{"line":1,"column":34}},"1":{"start":{"line":2,"column":15},"end":{"line":2,"column":31}},"2":{"start":{"line":3,"column":13},"end":{"line":3,"column":42}},"3":{"start":{"line":4,"column":24},"end":{"line":4,"column":54}},"4":{"start":{"line":5,"column":31},"end":{"line":5,"column":57}},"5":{"start":{"line":8,"column":0},"end":{"line":20,"column":2}},"6":{"start":{"line":12,"column":18},"end":{"line":16,"column":42}},"7":{"start":{"line":18,"column":4},"end":{"line":18,"column":32}},"8":{"start":{"line":23,"column":0},"end":{"line":40,"column":2}},"9":{"start":{"line":27,"column":4},"end":{"line":27,"column":44}},"10":{"start":{"line":29,"column":17},"end":{"line":32,"column":6}},"11":{"start":{"line":34,"column":4},"end":{"line":37,"column":67}},"12":{"start":{"line":35,"column":6},"end":{"line":37,"column":67}},"13":{"start":{"line":38,"column":4},"end":{"line":38,"column":31}},"14":{"start":{"line":43,"column":0},"end":{"line":60,"column":2}},"15":{"start":{"line":47,"column":22},"end":{"line":47,"column":44}},"16":{"start":{"line":49,"column":4},"end":{"line":49,"column":69}},"17":{"start":{"line":49,"column":15},"end":{"line":49,"column":69}},"18":{"start":{"line":52,"column":35},"end":{"line":52,"column":43}},"19":{"start":{"line":53,"column":17},"end":{"line":53,"column":74}},"20":{"start":{"line":57,"column":21},"end":{"line":57,"column":38}},"21":{"start":{"line":58,"column":4},"end":{"line":58,"column":35}},"22":{"start":{"line":63,"column":0},"end":{"line":98,"column":2}},"23":{"start":{"line":67,"column":22},"end":{"line":67,"column":44}},"24":{"start":{"line":69,"column":4},"end":{"line":69,"column":69}},"25":{"start":{"line":69,"column":15},"end":{"line":69,"column":69}},"26":{"start":{"line":71,"column":35},"end":{"line":71,"column":43}},"27":{"start":{"line":73,"column":20},"end":{"line":73,"column":54}},"28":{"start":{"line":74,"column":4},"end":{"line":77,"column":67}},"29":{"start":{"line":75,"column":6},"end":{"line":77,"column":67}},"30":{"start":{"line":79,"column":17},"end":{"line":88,"column":5}},"31":{"start":{"line":91,"column":4},"end":{"line":94,"column":77}},"32":{"start":{"line":92,"column":6},"end":{"line":94,"column":77}},"33":{"start":{"line":96,"column":4},"end":{"line":96,"column":31}},"34":{"start":{"line":101,"column":0},"end":{"line":123,"column":2}},"35":{"start":{"line":105,"column":20},"end":{"line":105,"column":54}},"36":{"start":{"line":106,"column":4},"end":{"line":109,"column":67}},"37":{"start":{"line":107,"column":6},"end":{"line":109,"column":67}},"38":{"start":{"line":111,"column":19},"end":{"line":114,"column":6}},"39":{"start":{"line":116,"column":4},"end":{"line":119,"column":9}},"40":{"start":{"line":117,"column":6},"end":{"line":119,"column":9}},"41":{"start":{"line":121,"column":4},"end":{"line":121,"column":33}},"42":{"start":{"line":125,"column":0},"end":{"line":125,"column":24}}},"fnMap":{"0":{"name":"(anonymous_0)","decl":{"start":{"line":11,"column":18},"end":{"line":11,"column":19}},"loc":{"start":{"line":11,"column":44},"end":{"line":19,"column":3}},"line":11},"1":{"name":"(anonymous_1)","decl":{"start":{"line":26,"column":18},"end":{"line":26,"column":19}},"loc":{"start":{"line":26,"column":38},"end":{"line":39,"column":3}},"line":26},"2":{"name":"(anonymous_2)","decl":{"start":{"line":46,"column":18},"end":{"line":46,"column":19}},"loc":{"start":{"line":46,"column":38},"end":{"line":59,"column":3}},"line":46},"3":{"name":"(anonymous_3)","decl":{"start":{"line":66,"column":18},"end":{"line":66,"column":19}},"loc":{"start":{"line":66,"column":38},"end":{"line":97,"column":3}},"line":66},"4":{"name":"(anonymous_4)","decl":{"start":{"line":104,"column":18},"end":{"line":104,"column":19}},"loc":{"start":{"line":104,"column":38},"end":{"line":122,"column":3}},"line":104}},"branchMap":{"0":{"loc":{"start":{"line":34,"column":4},"end":{"line":37,"column":67}},"type":"if","locations":[{"start":{"line":34,"column":4},"end":{"line":37,"column":67}},{"start":{"line":34,"column":4},"end":{"line":37,"column":67}}],"line":34},"1":{"loc":{"start":{"line":49,"column":4},"end":{"line":49,"column":69}},"type":"if","locations":[{"start":{"line":49,"column":4},"end":{"line":49,"column":69}},{"start":{"line":49,"column":4},"end":{"line":49,"column":69}}],"line":49},"2":{"loc":{"start":{"line":69,"column":4},"end":{"line":69,"column":69}},"type":"if","locations":[{"start":{"line":69,"column":4},"end":{"line":69,"column":69}},{"start":{"line":69,"column":4},"end":{"line":69,"column":69}}],"line":69},"3":{"loc":{"start":{"line":74,"column":4},"end":{"line":77,"column":67}},"type":"if","locations":[{"start":{"line":74,"column":4},"end":{"line":77,"column":67}},{"start":{"line":74,"column":4},"end":{"line":77,"column":67}}],"line":74},"4":{"loc":{"start":{"line":91,"column":4},"end":{"line":94,"column":77}},"type":"if","locations":[{"start":{"line":91,"column":4},"end":{"line":94,"column":77}},{"start":{"line":91,"column":4},"end":{"line":94,"column":77}}],"line":91},"5":{"loc":{"start":{"line":106,"column":4},"end":{"line":109,"column":67}},"type":"if","locations":[{"start":{"line":106,"column":4},"end":{"line":109,"column":67}},{"start":{"line":106,"column":4},"end":{"line":109,"column":67}}],"line":106},"6":{"loc":{"start":{"line":116,"column":4},"end":{"line":119,"column":9}},"type":"if","locations":[{"start":{"line":116,"column":4},"end":{"line":119,"column":9}},{"start":{"line":116,"column":4},"end":{"line":119,"column":9}}],"line":116}},"s":{"0":2,"1":2,"2":2,"3":2,"4":2,"5":2,"6":0,"7":0,"8":2,"9":0,"10":0,"11":0,"12":0,"13":0,"14":2,"15":0,"16":0,"17":0,"18":0,"19":0,"20":0,"21":0,"22":2,"23":0,"24":0,"25":0,"26":0,"27":0,"28":0,"29":0,"30":0,"31":0,"32":0,"33":0,"34":2,"35":0,"36":0,"37":0,"38":0,"39":0,"40":0,"41":0,"42":2},"f":{"0":0,"1":0,"2":0,"3":0,"4":0},"b":{"0":[0,0],"1":[0,0],"2":[0,0],"3":[0,0],"4":[0,0],"5":[0,0],"6":[0,0]},"_coverageSchema":"43e27e138ebf9cfc5966b082cf9a028302ed4184","hash":"a78d7dc15b755ca9942e250955ed4c9cc9489c86"}
,"/home/paulameleroramirez/Desktop/js-todo-app/js-todoapp/routes/users.js": {"path":"/home/paulameleroramirez/Desktop/js-todo-app/js-todoapp/routes/users.js","statementMap":{"0":{"start":{"line":1,"column":16},"end":{"line":1,"column":34}},"1":{"start":{"line":2,"column":15},"end":{"line":2,"column":34}},"2":{"start":{"line":3,"column":10},"end":{"line":3,"column":27}},"3":{"start":{"line":4,"column":15},"end":{"line":4,"column":31}},"4":{"start":{"line":5,"column":13},"end":{"line":5,"column":42}},"5":{"start":{"line":6,"column":24},"end":{"line":6,"column":54}},"6":{"start":{"line":7,"column":14},"end":{"line":7,"column":44}},"7":{"start":{"line":8,"column":31},"end":{"line":8,"column":57}},"8":{"start":{"line":11,"column":0},"end":{"line":23,"column":2}},"9":{"start":{"line":15,"column":18},"end":{"line":19,"column":42}},"10":{"start":{"line":21,"column":4},"end":{"line":21,"column":32}},"11":{"start":{"line":26,"column":0},"end":{"line":40,"column":2}},"12":{"start":{"line":30,"column":4},"end":{"line":30,"column":40}},"13":{"start":{"line":31,"column":17},"end":{"line":31,"column":79}},"14":{"start":{"line":33,"column":4},"end":{"line":36,"column":67}},"15":{"start":{"line":34,"column":6},"end":{"line":36,"column":67}},"16":{"start":{"line":38,"column":4},"end":{"line":38,"column":31}},"17":{"start":{"line":43,"column":0},"end":{"line":77,"column":2}},"18":{"start":{"line":46,"column":22},"end":{"line":46,"column":44}},"19":{"start":{"line":48,"column":4},"end":{"line":48,"column":69}},"20":{"start":{"line":48,"column":15},"end":{"line":48,"column":69}},"21":{"start":{"line":50,"column":52},"end":{"line":50,"column":60}},"22":{"start":{"line":52,"column":15},"end":{"line":52,"column":47}},"23":{"start":{"line":55,"column":4},"end":{"line":56,"column":74}},"24":{"start":{"line":56,"column":6},"end":{"line":56,"column":74}},"25":{"start":{"line":59,"column":4},"end":{"line":60,"column":65}},"26":{"start":{"line":60,"column":6},"end":{"line":60,"column":65}},"27":{"start":{"line":63,"column":17},"end":{"line":63,"column":41}},"28":{"start":{"line":64,"column":17},"end":{"line":64,"column":50}},"29":{"start":{"line":67,"column":4},"end":{"line":67,"column":50}},"30":{"start":{"line":68,"column":4},"end":{"line":68,"column":22}},"31":{"start":{"line":71,"column":18},"end":{"line":71,"column":42}},"32":{"start":{"line":74,"column":4},"end":{"line":74,"column":38}},"33":{"start":{"line":75,"column":4},"end":{"line":75,"column":60}},"34":{"start":{"line":80,"column":0},"end":{"line":115,"column":2}},"35":{"start":{"line":84,"column":22},"end":{"line":84,"column":44}},"36":{"start":{"line":86,"column":4},"end":{"line":86,"column":69}},"37":{"start":{"line":86,"column":15},"end":{"line":86,"column":69}},"38":{"start":{"line":89,"column":4},"end":{"line":92,"column":77}},"39":{"start":{"line":90,"column":6},"end":{"line":92,"column":77}},"40":{"start":{"line":94,"column":35},"end":{"line":94,"column":43}},"41":{"start":{"line":97,"column":17},"end":{"line":97,"column":41}},"42":{"start":{"line":98,"column":17},"end":{"line":98,"column":50}},"43":{"start":{"line":100,"column":17},"end":{"line":106,"column":5}},"44":{"start":{"line":108,"column":4},"end":{"line":111,"column":67}},"45":{"start":{"line":109,"column":6},"end":{"line":111,"column":67}},"46":{"start":{"line":113,"column":4},"end":{"line":113,"column":31}},"47":{"start":{"line":118,"column":0},"end":{"line":131,"column":2}},"48":{"start":{"line":122,"column":19},"end":{"line":122,"column":62}},"49":{"start":{"line":124,"column":4},"end":{"line":127,"column":67}},"50":{"start":{"line":125,"column":6},"end":{"line":127,"column":67}},"51":{"start":{"line":129,"column":4},"end":{"line":129,"column":33}},"52":{"start":{"line":133,"column":0},"end":{"line":133,"column":24}}},"fnMap":{"0":{"name":"(anonymous_0)","decl":{"start":{"line":14,"column":18},"end":{"line":14,"column":19}},"loc":{"start":{"line":14,"column":38},"end":{"line":22,"column":3}},"line":14},"1":{"name":"(anonymous_1)","decl":{"start":{"line":29,"column":18},"end":{"line":29,"column":19}},"loc":{"start":{"line":29,"column":38},"end":{"line":39,"column":3}},"line":29},"2":{"name":"(anonymous_2)","decl":{"start":{"line":45,"column":18},"end":{"line":45,"column":19}},"loc":{"start":{"line":45,"column":38},"end":{"line":76,"column":3}},"line":45},"3":{"name":"(anonymous_3)","decl":{"start":{"line":83,"column":18},"end":{"line":83,"column":19}},"loc":{"start":{"line":83,"column":38},"end":{"line":114,"column":3}},"line":83},"4":{"name":"(anonymous_4)","decl":{"start":{"line":121,"column":18},"end":{"line":121,"column":19}},"loc":{"start":{"line":121,"column":38},"end":{"line":130,"column":3}},"line":121}},"branchMap":{"0":{"loc":{"start":{"line":33,"column":4},"end":{"line":36,"column":67}},"type":"if","locations":[{"start":{"line":33,"column":4},"end":{"line":36,"column":67}},{"start":{"line":33,"column":4},"end":{"line":36,"column":67}}],"line":33},"1":{"loc":{"start":{"line":48,"column":4},"end":{"line":48,"column":69}},"type":"if","locations":[{"start":{"line":48,"column":4},"end":{"line":48,"column":69}},{"start":{"line":48,"column":4},"end":{"line":48,"column":69}}],"line":48},"2":{"loc":{"start":{"line":55,"column":4},"end":{"line":56,"column":74}},"type":"if","locations":[{"start":{"line":55,"column":4},"end":{"line":56,"column":74}},{"start":{"line":55,"column":4},"end":{"line":56,"column":74}}],"line":55},"3":{"loc":{"start":{"line":59,"column":4},"end":{"line":60,"column":65}},"type":"if","locations":[{"start":{"line":59,"column":4},"end":{"line":60,"column":65}},{"start":{"line":59,"column":4},"end":{"line":60,"column":65}}],"line":59},"4":{"loc":{"start":{"line":86,"column":4},"end":{"line":86,"column":69}},"type":"if","locations":[{"start":{"line":86,"column":4},"end":{"line":86,"column":69}},{"start":{"line":86,"column":4},"end":{"line":86,"column":69}}],"line":86},"5":{"loc":{"start":{"line":89,"column":4},"end":{"line":92,"column":77}},"type":"if","locations":[{"start":{"line":89,"column":4},"end":{"line":92,"column":77}},{"start":{"line":89,"column":4},"end":{"line":92,"column":77}}],"line":89},"6":{"loc":{"start":{"line":108,"column":4},"end":{"line":111,"column":67}},"type":"if","locations":[{"start":{"line":108,"column":4},"end":{"line":111,"column":67}},{"start":{"line":108,"column":4},"end":{"line":111,"column":67}}],"line":108},"7":{"loc":{"start":{"line":124,"column":4},"end":{"line":127,"column":67}},"type":"if","locations":[{"start":{"line":124,"column":4},"end":{"line":127,"column":67}},{"start":{"line":124,"column":4},"end":{"line":127,"column":67}}],"line":124}},"s":{"0":2,"1":2,"2":2,"3":2,"4":2,"5":2,"6":2,"7":2,"8":2,"9":0,"10":0,"11":2,"12":0,"13":0,"14":0,"15":0,"16":0,"17":2,"18":0,"19":0,"20":0,"21":0,"22":0,"23":0,"24":0,"25":0,"26":0,"27":0,"28":0,"29":0,"30":0,"31":0,"32":0,"33":0,"34":2,"35":0,"36":0,"37":0,"38":0,"39":0,"40":0,"41":0,"42":0,"43":0,"44":0,"45":0,"46":0,"47":2,"48":0,"49":0,"50":0,"51":0,"52":2},"f":{"0":0,"1":0,"2":0,"3":0,"4":0},"b":{"0":[0,0],"1":[0,0],"2":[0,0],"3":[0,0],"4":[0,0],"5":[0,0],"6":[0,0],"7":[0,0]},"_coverageSchema":"43e27e138ebf9cfc5966b082cf9a028302ed4184","hash":"ed84249bc3f58d9402fcba0b7a771a58827b1638"}
,"/home/paulameleroramirez/Desktop/js-todo-app/js-todoapp/startup/config.js": {"path":"/home/paulameleroramirez/Desktop/js-todo-app/js-todoapp/startup/config.js","statementMap":{"0":{"start":{"line":1,"column":15},"end":{"line":1,"column":32}},"1":{"start":{"line":2,"column":16},"end":{"line":2,"column":34}},"2":{"start":{"line":3,"column":12},"end":{"line":3,"column":21}},"3":{"start":{"line":4,"column":15},"end":{"line":4,"column":32}},"4":{"start":{"line":6,"column":0},"end":{"line":18,"column":1}},"5":{"start":{"line":8,"column":4},"end":{"line":8,"column":50}},"6":{"start":{"line":9,"column":4},"end":{"line":9,"column":38}},"7":{"start":{"line":10,"column":4},"end":{"line":10,"column":22}},"8":{"start":{"line":13,"column":4},"end":{"line":17,"column":5}},"9":{"start":{"line":14,"column":8},"end":{"line":14,"column":31}},"10":{"start":{"line":15,"column":8},"end":{"line":15,"column":70}}},"fnMap":{"0":{"name":"(anonymous_0)","decl":{"start":{"line":6,"column":17},"end":{"line":6,"column":18}},"loc":{"start":{"line":6,"column":29},"end":{"line":18,"column":1}},"line":6}},"branchMap":{"0":{"loc":{"start":{"line":13,"column":4},"end":{"line":17,"column":5}},"type":"if","locations":[{"start":{"line":13,"column":4},"end":{"line":17,"column":5}},{"start":{"line":13,"column":4},"end":{"line":17,"column":5}}],"line":13}},"s":{"0":2,"1":2,"2":2,"3":2,"4":2,"5":2,"6":2,"7":2,"8":2,"9":0,"10":0},"f":{"0":2},"b":{"0":[0,2]},"_coverageSchema":"43e27e138ebf9cfc5966b082cf9a028302ed4184","hash":"5290bc492b6906093eb0015d269b7985e071c166"}
,"/home/paulameleroramirez/Desktop/js-todo-app/js-todoapp/startup/db.js": {"path":"/home/paulameleroramirez/Desktop/js-todo-app/js-todoapp/startup/db.js","statementMap":{"0":{"start":{"line":1,"column":17},"end":{"line":1,"column":36}},"1":{"start":{"line":2,"column":16},"end":{"line":2,"column":34}},"2":{"start":{"line":3,"column":15},"end":{"line":3,"column":32}},"3":{"start":{"line":5,"column":0},"end":{"line":17,"column":2}},"4":{"start":{"line":6,"column":13},"end":{"line":6,"column":29}},"5":{"start":{"line":7,"column":2},"end":{"line":7,"column":41}},"6":{"start":{"line":8,"column":2},"end":{"line":8,"column":39}},"7":{"start":{"line":9,"column":2},"end":{"line":15,"column":52}},"8":{"start":{"line":15,"column":16},"end":{"line":15,"column":50}}},"fnMap":{"0":{"name":"(anonymous_0)","decl":{"start":{"line":5,"column":17},"end":{"line":5,"column":18}},"loc":{"start":{"line":5,"column":28},"end":{"line":17,"column":1}},"line":5},"1":{"name":"(anonymous_1)","decl":{"start":{"line":15,"column":10},"end":{"line":15,"column":11}},"loc":{"start":{"line":15,"column":16},"end":{"line":15,"column":50}},"line":15}},"branchMap":{},"s":{"0":2,"1":2,"2":2,"3":2,"4":2,"5":2,"6":2,"7":2,"8":1},"f":{"0":2,"1":1},"b":{},"_coverageSchema":"43e27e138ebf9cfc5966b082cf9a028302ed4184","hash":"ba16f8da7443224702d322328e7d2abdbab0a86b"}
,"/home/paulameleroramirez/Desktop/js-todo-app/js-todoapp/startup/logging.js": {"path":"/home/paulameleroramirez/Desktop/js-todo-app/js-todoapp/startup/logging.js","statementMap":{"0":{"start":{"line":1,"column":16},"end":{"line":1,"column":34}},"1":{"start":{"line":3,"column":0},"end":{"line":14,"column":2}},"2":{"start":{"line":5,"column":2},"end":{"line":8,"column":4}},"3":{"start":{"line":9,"column":2},"end":{"line":11,"column":5}},"4":{"start":{"line":10,"column":4},"end":{"line":10,"column":34}},"5":{"start":{"line":13,"column":2},"end":{"line":13,"column":72}}},"fnMap":{"0":{"name":"(anonymous_0)","decl":{"start":{"line":3,"column":17},"end":{"line":3,"column":18}},"loc":{"start":{"line":3,"column":28},"end":{"line":14,"column":1}},"line":3},"1":{"name":"(anonymous_1)","decl":{"start":{"line":9,"column":35},"end":{"line":9,"column":36}},"loc":{"start":{"line":9,"column":41},"end":{"line":11,"column":3}},"line":9}},"branchMap":{},"s":{"0":2,"1":2,"2":2,"3":2,"4":0,"5":2},"f":{"0":2,"1":0},"b":{},"_coverageSchema":"43e27e138ebf9cfc5966b082cf9a028302ed4184","hash":"7311d4022e84adfd22d08d91fa5e609f5e9c737b"}
,"/home/paulameleroramirez/Desktop/js-todo-app/js-todoapp/startup/routes.js": {"path":"/home/paulameleroramirez/Desktop/js-todo-app/js-todoapp/startup/routes.js","statementMap":{"0":{"start":{"line":1,"column":16},"end":{"line":1,"column":34}},"1":{"start":{"line":2,"column":13},"end":{"line":2,"column":28}},"2":{"start":{"line":3,"column":18},"end":{"line":3,"column":40}},"3":{"start":{"line":4,"column":14},"end":{"line":4,"column":44}},"4":{"start":{"line":5,"column":14},"end":{"line":5,"column":40}},"5":{"start":{"line":6,"column":14},"end":{"line":6,"column":40}},"6":{"start":{"line":7,"column":13},"end":{"line":7,"column":38}},"7":{"start":{"line":9,"column":0},"end":{"line":16,"column":2}},"8":{"start":{"line":10,"column":2},"end":{"line":10,"column":25}},"9":{"start":{"line":11,"column":2},"end":{"line":11,"column":26}},"10":{"start":{"line":12,"column":2},"end":{"line":12,"column":31}},"11":{"start":{"line":13,"column":2},"end":{"line":13,"column":31}},"12":{"start":{"line":14,"column":2},"end":{"line":14,"column":29}},"13":{"start":{"line":15,"column":2},"end":{"line":15,"column":17}}},"fnMap":{"0":{"name":"(anonymous_0)","decl":{"start":{"line":9,"column":17},"end":{"line":9,"column":18}},"loc":{"start":{"line":9,"column":31},"end":{"line":16,"column":1}},"line":9}},"branchMap":{},"s":{"0":2,"1":2,"2":2,"3":2,"4":2,"5":2,"6":2,"7":2,"8":2,"9":2,"10":2,"11":2,"12":2,"13":2},"f":{"0":2},"b":{},"_coverageSchema":"43e27e138ebf9cfc5966b082cf9a028302ed4184","hash":"fecda42f9b36b44c0c15f08b1c67af32dd75f26c"}
}
