TN:
SF:/home/paulameleroramirez/Desktop/js-todo-app/js-todoapp/server.js
FN:11,(anonymous_0)
FNF:1
FNH:0
FNDA:0,(anonymous_0)
DA:1,2
DA:2,2
DA:3,2
DA:4,2
DA:6,2
DA:7,2
DA:8,2
DA:9,2
DA:11,2
DA:12,0
DA:15,2
LF:11
LH:10
BRF:0
BRH:0
end_of_record
TN:
SF:/home/paulameleroramirez/Desktop/js-todo-app/js-todoapp/middleware/admin.js
FN:1,(anonymous_0)
FNF:1
FNH:0
FNDA:0,(anonymous_0)
DA:1,2
DA:3,0
DA:4,0
DA:5,0
LF:4
LH:1
BRDA:3,0,0,0
BRDA:3,0,1,0
BRF:2
BRH:0
end_of_record
TN:
SF:/home/paulameleroramirez/Desktop/js-todo-app/js-todoapp/middleware/async.js
FN:3,(anonymous_0)
FN:4,(anonymous_1)
FNF:2
FNH:1
FNDA:20,(anonymous_0)
FNDA:0,(anonymous_1)
DA:3,2
DA:4,20
DA:5,0
DA:6,0
DA:7,0
DA:9,0
LF:6
LH:2
BRF:0
BRH:0
end_of_record
TN:
SF:/home/paulameleroramirez/Desktop/js-todo-app/js-todoapp/middleware/auth.js
FN:4,(anonymous_0)
FNF:1
FNH:0
FNDA:0,(anonymous_0)
DA:1,2
DA:2,2
DA:4,2
DA:5,0
DA:6,0
DA:7,0
DA:8,0
DA:11,0
DA:13,0
DA:14,0
DA:15,0
DA:17,0
LF:12
LH:3
BRDA:7,0,0,0
BRDA:7,0,1,0
BRF:2
BRH:0
end_of_record
TN:
SF:/home/paulameleroramirez/Desktop/js-todo-app/js-todoapp/middleware/error.js
FN:3,(anonymous_0)
FNF:1
FNH:0
FNDA:0,(anonymous_0)
DA:1,2
DA:3,2
DA:4,0
DA:6,0
DA:7,0
DA:9,0
LF:6
LH:2
BRDA:6,0,0,0
BRDA:6,0,1,0
BRF:2
BRH:0
end_of_record
TN:
SF:/home/paulameleroramirez/Desktop/js-todo-app/js-todoapp/models/tasks.js
FN:34,validateTask
FNF:1
FNH:0
FNDA:0,validateTask
DA:1,3
DA:2,3
DA:5,3
DA:31,3
DA:35,0
DA:40,0
DA:43,3
DA:44,3
DA:45,3
LF:9
LH:7
BRF:0
BRH:0
end_of_record
TN:
SF:/home/paulameleroramirez/Desktop/js-todo-app/js-todoapp/models/users.js
FN:25,(anonymous_0)
FN:34,validateUser
FNF:2
FNH:1
FNDA:5,(anonymous_0)
FNDA:0,validateUser
DA:1,3
DA:2,3
DA:3,3
DA:4,3
DA:5,3
DA:7,3
DA:25,3
DA:26,5
DA:31,3
DA:35,0
DA:47,0
DA:49,3
DA:50,3
DA:51,3
LF:14
LH:12
BRF:0
BRH:0
end_of_record
TN:
SF:/home/paulameleroramirez/Desktop/js-todo-app/js-todoapp/routes/auth.js
FN:9,validate
FN:25,(anonymous_1)
FNF:2
FNH:0
FNDA:0,validate
FNDA:0,(anonymous_1)
DA:1,2
DA:2,2
DA:3,2
DA:4,2
DA:5,2
DA:6,2
DA:7,2
DA:10,0
DA:21,0
DA:25,2
DA:26,0
DA:28,0
DA:30,0
DA:31,0
DA:32,0
DA:34,0
DA:35,0
DA:38,0
DA:40,0
DA:41,0
DA:44,0
DA:47,0
DA:48,0
DA:50,0
DA:54,2
LF:25
LH:9
BRDA:28,0,0,0
BRDA:28,0,1,0
BRDA:34,1,0,0
BRDA:34,1,1,0
BRDA:40,2,0,0
BRDA:40,2,1,0
BRF:6
BRH:0
end_of_record
TN:
SF:/home/paulameleroramirez/Desktop/js-todo-app/js-todoapp/routes/tasks.js
FN:11,(anonymous_0)
FN:26,(anonymous_1)
FN:46,(anonymous_2)
FN:66,(anonymous_3)
FN:104,(anonymous_4)
FNF:5
FNH:0
FNDA:0,(anonymous_0)
FNDA:0,(anonymous_1)
FNDA:0,(anonymous_2)
FNDA:0,(anonymous_3)
FNDA:0,(anonymous_4)
DA:1,2
DA:2,2
DA:3,2
DA:4,2
DA:5,2
DA:8,2
DA:12,0
DA:18,0
DA:23,2
DA:27,0
DA:29,0
DA:34,0
DA:35,0
DA:38,0
DA:43,2
DA:47,0
DA:49,0
DA:52,0
DA:53,0
DA:57,0
DA:58,0
DA:63,2
DA:67,0
DA:69,0
DA:71,0
DA:73,0
DA:74,0
DA:75,0
DA:79,0
DA:91,0
DA:92,0
DA:96,0
DA:101,2
DA:105,0
DA:106,0
DA:107,0
DA:111,0
DA:116,0
DA:117,0
DA:121,0
DA:125,2
LF:41
LH:11
BRDA:34,0,0,0
BRDA:34,0,1,0
BRDA:49,1,0,0
BRDA:49,1,1,0
BRDA:69,2,0,0
BRDA:69,2,1,0
BRDA:74,3,0,0
BRDA:74,3,1,0
BRDA:91,4,0,0
BRDA:91,4,1,0
BRDA:106,5,0,0
BRDA:106,5,1,0
BRDA:116,6,0,0
BRDA:116,6,1,0
BRF:14
BRH:0
end_of_record
TN:
SF:/home/paulameleroramirez/Desktop/js-todo-app/js-todoapp/routes/users.js
FN:14,(anonymous_0)
FN:29,(anonymous_1)
FN:45,(anonymous_2)
FN:83,(anonymous_3)
FN:121,(anonymous_4)
FNF:5
FNH:0
FNDA:0,(anonymous_0)
FNDA:0,(anonymous_1)
FNDA:0,(anonymous_2)
FNDA:0,(anonymous_3)
FNDA:0,(anonymous_4)
DA:1,2
DA:2,2
DA:3,2
DA:4,2
DA:5,2
DA:6,2
DA:7,2
DA:8,2
DA:11,2
DA:15,0
DA:21,0
DA:26,2
DA:30,0
DA:31,0
DA:33,0
DA:34,0
DA:38,0
DA:43,2
DA:46,0
DA:48,0
DA:50,0
DA:52,0
DA:55,0
DA:56,0
DA:59,0
DA:60,0
DA:63,0
DA:64,0
DA:67,0
DA:68,0
DA:71,0
DA:74,0
DA:75,0
DA:80,2
DA:84,0
DA:86,0
DA:89,0
DA:90,0
DA:94,0
DA:97,0
DA:98,0
DA:100,0
DA:108,0
DA:109,0
DA:113,0
DA:118,2
DA:122,0
DA:124,0
DA:125,0
DA:129,0
DA:133,2
LF:51
LH:14
BRDA:33,0,0,0
BRDA:33,0,1,0
BRDA:48,1,0,0
BRDA:48,1,1,0
BRDA:55,2,0,0
BRDA:55,2,1,0
BRDA:59,3,0,0
BRDA:59,3,1,0
BRDA:86,4,0,0
BRDA:86,4,1,0
BRDA:89,5,0,0
BRDA:89,5,1,0
BRDA:108,6,0,0
BRDA:108,6,1,0
BRDA:124,7,0,0
BRDA:124,7,1,0
BRF:16
BRH:0
end_of_record
TN:
SF:/home/paulameleroramirez/Desktop/js-todo-app/js-todoapp/startup/config.js
FN:6,(anonymous_0)
FNF:1
FNH:1
FNDA:2,(anonymous_0)
DA:1,2
DA:2,2
DA:3,2
DA:4,2
DA:6,2
DA:8,2
DA:9,2
DA:10,2
DA:13,2
DA:14,0
DA:15,0
LF:11
LH:9
BRDA:13,0,0,0
BRDA:13,0,1,2
BRF:2
BRH:1
end_of_record
TN:
SF:/home/paulameleroramirez/Desktop/js-todo-app/js-todoapp/startup/db.js
FN:5,(anonymous_0)
FN:15,(anonymous_1)
FNF:2
FNH:2
FNDA:2,(anonymous_0)
FNDA:1,(anonymous_1)
DA:1,2
DA:2,2
DA:3,2
DA:5,2
DA:6,2
DA:7,2
DA:8,2
DA:9,2
DA:15,1
LF:9
LH:9
BRF:0
BRH:0
end_of_record
TN:
SF:/home/paulameleroramirez/Desktop/js-todo-app/js-todoapp/startup/logging.js
FN:3,(anonymous_0)
FN:9,(anonymous_1)
FNF:2
FNH:1
FNDA:2,(anonymous_0)
FNDA:0,(anonymous_1)
DA:1,2
DA:3,2
DA:5,2
DA:9,2
DA:10,0
DA:13,2
LF:6
LH:5
BRF:0
BRH:0
end_of_record
TN:
SF:/home/paulameleroramirez/Desktop/js-todo-app/js-todoapp/startup/routes.js
FN:9,(anonymous_0)
FNF:1
FNH:1
FNDA:2,(anonymous_0)
DA:1,2
DA:2,2
DA:3,2
DA:4,2
DA:5,2
DA:6,2
DA:7,2
DA:9,2
DA:10,2
DA:11,2
DA:12,2
DA:13,2
DA:14,2
DA:15,2
LF:14
LH:14
BRF:0
BRH:0
end_of_record
