TN:
SF:/home/paulameleroramirez/Desktop/JS-todoApp/JS-todoApp/models/tasks.js
FN:34,validateTask
FNF:1
FNH:0
FNDA:0,validateTask
DA:1,1
DA:2,1
DA:5,1
DA:31,1
DA:35,0
DA:40,0
DA:43,1
DA:44,1
DA:45,1
LF:9
LH:7
BRF:0
BRH:0
end_of_record
TN:
SF:/home/paulameleroramirez/Desktop/JS-todoApp/JS-todoApp/models/users.js
FN:26,(anonymous_0)
FN:32,validateUser
FNF:2
FNH:1
FNDA:1,(anonymous_0)
FNDA:0,validateUser
DA:1,1
DA:2,1
DA:3,1
DA:4,1
DA:5,1
DA:7,1
DA:26,1
DA:27,1
DA:29,1
DA:33,0
DA:39,0
DA:41,1
DA:42,1
DA:43,1
LF:14
LH:12
BRF:0
BRH:0
end_of_record
